<?xml version="1.0" encoding="UTF-8"?>
<testsuite xmlns:xsi="http://www.w3.org/2001/XMLSchema-instance" xsi:noNamespaceSchemaLocation="https://maven.apache.org/surefire/maven-surefire-plugin/xsd/surefire-test-report-3.0.xsd" version="3.0" name="za.ac.rosebank.vanguard.LoginTest" time="0.182" tests="10" errors="0" skipped="0" failures="0">
  <properties>
[...]
</properties>
  <testcase name="testPasswordComplexityFailure" classname="za.ac.rosebank.vanguard.LoginTest" time="0.074"/>
  <testcase name="testLoginSuccessfulMatch" classname="za.ac.rosebank.vanguard.LoginTest" time="0.003"/>
  <testcase name="testCellPhoneNumberIncorrectlyFormatted" classname="za.ac.rosebank.vanguard.LoginTest" time="0.003"/>
  <testcase name="testCellPhoneNumberCorrectlyFormatted" classname="za.ac.rosebank.vanguard.LoginTest" time="0.002"/>
  <testcase name="testUsernameIncorrectlyFormatted" classname="za.ac.rosebank.vanguard.LoginTest" time="0.002"/>
  <testcase name="testReturnLoginStatusSuccess" classname="za.ac.rosebank.vanguard.LoginTest" time="0.008"/>
  <testcase name="testReturnLoginStatusFailure" classname="za.ac.rosebank.vanguard.LoginTest" time="0.002"/>
  <testcase name="testLoginFailedMatch" classname="za.ac.rosebank.vanguard.LoginTest" time="0.026"/>
  <testcase name="testPasswordComplexitySuccess" classname="za.ac.rosebank.vanguard.LoginTest" time="0.002"/>
  <testcase name="testUsernameCorrectlyFormatted" classname="za.ac.rosebank.vanguard.LoginTest" time="0.001"/>
</testsuite>